<?xml version="1.0" encoding="UTF-8" ?>
<testsuite failures="0" time="3.114" errors="0" skipped="0" tests="1" name="net.therap.AnnotationsIllustrationTest">
  <properties>
    <property name="jboss.i18n.generate-proxies" value="true"/>
    <property name="java.runtime.name" value="Java(TM) SE Runtime Environment"/>
    <property name="sun.boot.library.path" value="/usr/local/jdk1.6.0_29/jre/lib/amd64"/>
    <property name="java.vm.version" value="20.4-b02"/>
    <property name="java.vm.vendor" value="Sun Microsystems Inc."/>
    <property name="java.vendor.url" value="http://java.sun.com/"/>
    <property name="path.separator" value=":"/>
    <property name="java.vm.name" value="Java HotSpot(TM) 64-Bit Server VM"/>
    <property name="file.encoding.pkg" value="sun.io"/>
    <property name="user.country" value="US"/>
    <property name="sun.java.launcher" value="SUN_STANDARD"/>
    <property name="sun.os.patch.level" value="unknown"/>
    <property name="java.vm.specification.name" value="Java Virtual Machine Specification"/>
    <property name="user.dir" value="/home/saima/IdeaProjects/HibernateAppMtoM_extraCol"/>
    <property name="java.runtime.version" value="1.6.0_29-b11"/>
    <property name="java.awt.graphicsenv" value="sun.awt.X11GraphicsEnvironment"/>
    <property name="basedir" value="/home/saima/IdeaProjects/HibernateAppMtoM_extraCol"/>
    <property name="java.endorsed.dirs" value="/usr/local/jdk1.6.0_29/jre/lib/endorsed"/>
    <property name="os.arch" value="amd64"/>
    <property name="surefire.real.class.path" value="/home/saima/IdeaProjects/HibernateAppMtoM_extraCol/target/surefire/surefirebooter6977368401141980870.jar"/>
    <property name="java.io.tmpdir" value="/tmp"/>
    <property name="line.separator" value="
"/>
    <property name="java.vm.specification.vendor" value="Sun Microsystems Inc."/>
    <property name="os.name" value="Linux"/>
    <property name="sun.jnu.encoding" value="UTF-8"/>
    <property name="java.library.path" value="/usr/local/jdk1.6.0_29/jre/lib/amd64/server:/usr/local/jdk1.6.0_29/jre/lib/amd64:/usr/local/jdk1.6.0_29/jre/../lib/amd64:/usr/java/packages/lib/amd64:/usr/lib64:/lib64:/lib:/usr/lib"/>
    <property name="surefire.test.class.path" value="/home/saima/IdeaProjects/HibernateAppMtoM_extraCol/target/test-classes:/home/saima/IdeaProjects/HibernateAppMtoM_extraCol/target/classes:/home/saima/.m2/repository/org/hibernate/hibernate-core/4.1.3.Final/hibernate-core-4.1.3.Final.jar:/home/saima/.m2/repository/antlr/antlr/2.7.7/antlr-2.7.7.jar:/home/saima/.m2/repository/org/jboss/logging/jboss-logging/3.1.0.GA/jboss-logging-3.1.0.GA.jar:/home/saima/.m2/repository/org/jboss/spec/javax/transaction/jboss-transaction-api_1.1_spec/1.0.0.Final/jboss-transaction-api_1.1_spec-1.0.0.Final.jar:/home/saima/.m2/repository/dom4j/dom4j/1.6.1/dom4j-1.6.1.jar:/home/saima/.m2/repository/org/hibernate/javax/persistence/hibernate-jpa-2.0-api/1.0.1.Final/hibernate-jpa-2.0-api-1.0.1.Final.jar:/home/saima/.m2/repository/org/javassist/javassist/3.15.0-GA/javassist-3.15.0-GA.jar:/home/saima/.m2/repository/org/hibernate/common/hibernate-commons-annotations/4.0.1.Final/hibernate-commons-annotations-4.0.1.Final.jar:/home/saima/.m2/repository/org/slf4j/slf4j-simple/1.6.1/slf4j-simple-1.6.1.jar:/home/saima/.m2/repository/org/slf4j/slf4j-api/1.6.1/slf4j-api-1.6.1.jar:/home/saima/.m2/repository/junit/junit/4.10/junit-4.10.jar:/home/saima/.m2/repository/org/hamcrest/hamcrest-core/1.1/hamcrest-core-1.1.jar:/home/saima/.m2/repository/com/oracle/ojdbc14/10.2.0.4.0/ojdbc14-10.2.0.4.0.jar:/home/saima/.m2/repository/org/springframework/spring/2.5.6/spring-2.5.6.jar:/home/saima/.m2/repository/commons-logging/commons-logging/1.1.1/commons-logging-1.1.1.jar:"/>
    <property name="java.specification.name" value="Java Platform API Specification"/>
    <property name="java.class.version" value="50.0"/>
    <property name="sun.management.compiler" value="HotSpot 64-Bit Tiered Compilers"/>
    <property name="os.version" value="2.6.35-32-generic"/>
    <property name="user.home" value="/home/saima"/>
    <property name="user.timezone" value="Asia/Dhaka"/>
    <property name="java.awt.printerjob" value="sun.print.PSPrinterJob"/>
    <property name="java.specification.version" value="1.6"/>
    <property name="file.encoding" value="UTF-8"/>
    <property name="user.name" value="saima"/>
    <property name="java.class.path" value="/home/saima/IdeaProjects/HibernateAppMtoM_extraCol/target/test-classes:/home/saima/IdeaProjects/HibernateAppMtoM_extraCol/target/classes:/home/saima/.m2/repository/org/hibernate/hibernate-core/4.1.3.Final/hibernate-core-4.1.3.Final.jar:/home/saima/.m2/repository/antlr/antlr/2.7.7/antlr-2.7.7.jar:/home/saima/.m2/repository/org/jboss/logging/jboss-logging/3.1.0.GA/jboss-logging-3.1.0.GA.jar:/home/saima/.m2/repository/org/jboss/spec/javax/transaction/jboss-transaction-api_1.1_spec/1.0.0.Final/jboss-transaction-api_1.1_spec-1.0.0.Final.jar:/home/saima/.m2/repository/dom4j/dom4j/1.6.1/dom4j-1.6.1.jar:/home/saima/.m2/repository/org/hibernate/javax/persistence/hibernate-jpa-2.0-api/1.0.1.Final/hibernate-jpa-2.0-api-1.0.1.Final.jar:/home/saima/.m2/repository/org/javassist/javassist/3.15.0-GA/javassist-3.15.0-GA.jar:/home/saima/.m2/repository/org/hibernate/common/hibernate-commons-annotations/4.0.1.Final/hibernate-commons-annotations-4.0.1.Final.jar:/home/saima/.m2/repository/org/slf4j/slf4j-simple/1.6.1/slf4j-simple-1.6.1.jar:/home/saima/.m2/repository/org/slf4j/slf4j-api/1.6.1/slf4j-api-1.6.1.jar:/home/saima/.m2/repository/junit/junit/4.10/junit-4.10.jar:/home/saima/.m2/repository/org/hamcrest/hamcrest-core/1.1/hamcrest-core-1.1.jar:/home/saima/.m2/repository/com/oracle/ojdbc14/10.2.0.4.0/ojdbc14-10.2.0.4.0.jar:/home/saima/.m2/repository/org/springframework/spring/2.5.6/spring-2.5.6.jar:/home/saima/.m2/repository/commons-logging/commons-logging/1.1.1/commons-logging-1.1.1.jar:"/>
    <property name="java.vm.specification.version" value="1.0"/>
    <property name="sun.arch.data.model" value="64"/>
    <property name="java.home" value="/usr/local/jdk1.6.0_29/jre"/>
    <property name="sun.java.command" value="/home/saima/IdeaProjects/HibernateAppMtoM_extraCol/target/surefire/surefirebooter6977368401141980870.jar /home/saima/IdeaProjects/HibernateAppMtoM_extraCol/target/surefire/surefire7640375427978159062tmp /home/saima/IdeaProjects/HibernateAppMtoM_extraCol/target/surefire/surefire6010940193515271050tmp"/>
    <property name="java.specification.vendor" value="Sun Microsystems Inc."/>
    <property name="user.language" value="en"/>
    <property name="java.vm.info" value="mixed mode"/>
    <property name="java.version" value="1.6.0_29"/>
    <property name="java.ext.dirs" value="/usr/local/jdk1.6.0_29/jre/lib/ext:/usr/java/packages/lib/ext"/>
    <property name="sun.boot.class.path" value="/usr/local/jdk1.6.0_29/jre/lib/resources.jar:/usr/local/jdk1.6.0_29/jre/lib/rt.jar:/usr/local/jdk1.6.0_29/jre/lib/sunrsasign.jar:/usr/local/jdk1.6.0_29/jre/lib/jsse.jar:/usr/local/jdk1.6.0_29/jre/lib/jce.jar:/usr/local/jdk1.6.0_29/jre/lib/charsets.jar:/usr/local/jdk1.6.0_29/jre/lib/modules/jdk.boot.jar:/usr/local/jdk1.6.0_29/jre/classes"/>
    <property name="java.vendor" value="Sun Microsystems Inc."/>
    <property name="localRepository" value="/home/saima/.m2/repository"/>
    <property name="file.separator" value="/"/>
    <property name="java.vendor.url.bug" value="http://java.sun.com/cgi-bin/bugreport.cgi"/>
    <property name="sun.cpu.endian" value="little"/>
    <property name="sun.io.unicode.encoding" value="UnicodeLittle"/>
    <property name="sun.desktop" value="gnome"/>
    <property name="sun.cpu.isalist" value=""/>
  </properties>
  <testcase time="3.096" classname="net.therap.AnnotationsIllustrationTest" name="testBasicUsage"/>
</testsuite>